This file contains any messages produced by compilers while
running configure, to aid debugging if configure makes a mistake.

It was created by configure, which was
generated by GNU Autoconf 2.69.  Invocation command line was

  $ ./configure --disable-shared

## --------- ##
## Platform. ##
## --------- ##

hostname = fb1c5263a9e3
uname -m = x86_64
uname -r = 5.4.0-100-generic
uname -s = Linux
uname -v = #113-Ubuntu SMP Thu Feb 3 18:43:29 UTC 2022

/usr/bin/uname -p = unknown
/bin/uname -X     = unknown

/bin/arch              = unknown
/usr/bin/arch -k       = unknown
/usr/convex/getsysinfo = unknown
/usr/bin/hostinfo      = unknown
/bin/machine           = unknown
/usr/bin/oslevel       = unknown
/bin/universe          = unknown

PATH: /usr/local/sbin
PATH: /usr/local/bin
PATH: /usr/sbin
PATH: /usr/bin
PATH: /sbin
PATH: /bin
PATH: /out
PATH: /root/.go/bin
PATH: /root/go/bin
PATH: /rust/bin
PATH: /usr/lib/jvm/java-15-openjdk-amd64/bin


## ----------- ##
## Core tests. ##
## ----------- ##

configure:2364: checking build system type
configure:2378: result: x86_64-pc-linux-gnu
configure:2425: checking host system type
configure:2438: result: x86_64-pc-linux-gnu
configure:2458: checking target system type
configure:2471: result: x86_64-pc-linux-gnu
configure:2525: checking for a BSD-compatible install
configure:2593: result: /usr/bin/install -c
configure:2604: checking whether ln works
configure:2626: result: yes
configure:2630: checking whether ln -s works
configure:2634: result: yes
configure:2641: checking for a sed that does not truncate output
configure:2705: result: /bin/sed
configure:2714: checking for gawk
configure:2730: found /usr/bin/gawk
configure:2741: result: gawk
configure:4077: checking for gcc
configure:4104: result: /afl/afl-clang-fast
configure:4333: checking for C compiler version
configure:4342: /afl/afl-clang-fast --version >&5
clang version 12.0.0 (https://github.com/llvm/llvm-project.git 6de4865545da73687dd6d28d153cd345ed5e7918)
Target: x86_64-unknown-linux-gnu
Thread model: posix
InstalledDir: /usr/local/bin
configure:4353: $? = 0
configure:4342: /afl/afl-clang-fast -v >&5
clang version 12.0.0 (https://github.com/llvm/llvm-project.git 6de4865545da73687dd6d28d153cd345ed5e7918)
Target: x86_64-unknown-linux-gnu
Thread model: posix
InstalledDir: /usr/local/bin
Found candidate GCC installation: /usr/lib/gcc/x86_64-linux-gnu/5
Found candidate GCC installation: /usr/lib/gcc/x86_64-linux-gnu/5.4.0
Found candidate GCC installation: /usr/lib/gcc/x86_64-linux-gnu/6
Found candidate GCC installation: /usr/lib/gcc/x86_64-linux-gnu/6.0.0
Found candidate GCC installation: /usr/lib/gcc/x86_64-linux-gnu/9
Selected GCC installation: /usr/lib/gcc/x86_64-linux-gnu/9
... rest of stderr output deleted ...
configure:4353: $? = 1
configure:4342: /afl/afl-clang-fast -V >&5
clang-12: error: unsupported option '-V -ldl'
configure:4353: $? = 1
configure:4342: /afl/afl-clang-fast -qversion >&5
clang-12: error: unknown argument '-qversion'; did you mean '--version'?
configure:4353: $? = 1
configure:4373: checking whether the C compiler works
configure:4395: /afl/afl-clang-fast -DFUZZING_BUILD_MODE_UNSAFE_FOR_PRODUCTION -pthread -Wl,--no-as-needed -Wl,-ldl -Wl,-lm -Wno-unused-command-line-argument -O3 -fsanitize-coverage=trace-pc-guard   conftest.c  >&5
configure:4399: $? = 0
configure:4447: result: yes
configure:4450: checking for C compiler default output file name
configure:4452: result: a.out
configure:4458: checking for suffix of executables
configure:4465: /afl/afl-clang-fast -o conftest -DFUZZING_BUILD_MODE_UNSAFE_FOR_PRODUCTION -pthread -Wl,--no-as-needed -Wl,-ldl -Wl,-lm -Wno-unused-command-line-argument -O3 -fsanitize-coverage=trace-pc-guard   conftest.c  >&5
configure:4469: $? = 0
configure:4491: result: 
configure:4513: checking whether we are cross compiling
configure:4521: /afl/afl-clang-fast -o conftest -DFUZZING_BUILD_MODE_UNSAFE_FOR_PRODUCTION -pthread -Wl,--no-as-needed -Wl,-ldl -Wl,-lm -Wno-unused-command-line-argument -O3 -fsanitize-coverage=trace-pc-guard   conftest.c  >&5
configure:4525: $? = 0
configure:4532: ./conftest
configure:4536: $? = 0
configure:4551: result: no
configure:4556: checking for suffix of object files
configure:4578: /afl/afl-clang-fast -c -DFUZZING_BUILD_MODE_UNSAFE_FOR_PRODUCTION -pthread -Wl,--no-as-needed -Wl,-ldl -Wl,-lm -Wno-unused-command-line-argument -O3 -fsanitize-coverage=trace-pc-guard  conftest.c >&5
configure:4582: $? = 0
configure:4603: result: o
configure:4607: checking whether we are using the GNU C compiler
configure:4626: /afl/afl-clang-fast -c -DFUZZING_BUILD_MODE_UNSAFE_FOR_PRODUCTION -pthread -Wl,--no-as-needed -Wl,-ldl -Wl,-lm -Wno-unused-command-line-argument -O3 -fsanitize-coverage=trace-pc-guard  conftest.c >&5
configure:4626: $? = 0
configure:4635: result: yes
configure:4644: checking whether /afl/afl-clang-fast accepts -g
configure:4664: /afl/afl-clang-fast -c -g  conftest.c >&5
configure:4664: $? = 0
configure:4705: result: yes
configure:4722: checking for /afl/afl-clang-fast option to accept ISO C89
configure:4785: /afl/afl-clang-fast  -c -DFUZZING_BUILD_MODE_UNSAFE_FOR_PRODUCTION -pthread -Wl,--no-as-needed -Wl,-ldl -Wl,-lm -Wno-unused-command-line-argument -O3 -fsanitize-coverage=trace-pc-guard  conftest.c >&5
[+] Creating func binutilsM2D38conftestDc_var_save 
configure:4785: $? = 0
configure:4798: result: none needed
configure:4818: checking for /afl/afl-clang-fast option to accept ISO C99
configure:4967: /afl/afl-clang-fast  -c -DFUZZING_BUILD_MODE_UNSAFE_FOR_PRODUCTION -pthread -Wl,--no-as-needed -Wl,-ldl -Wl,-lm -Wno-unused-command-line-argument -O3 -fsanitize-coverage=trace-pc-guard  conftest.c >&5
[+] Creating func binutilsM2D38conftestDc_var_save 
configure:4967: $? = 0
configure:4980: result: none needed
configure:5107: checking for C++ compiler version
configure:5116: /afl/afl-clang-fast++ --version >&5
clang version 12.0.0 (https://github.com/llvm/llvm-project.git 6de4865545da73687dd6d28d153cd345ed5e7918)
Target: x86_64-unknown-linux-gnu
Thread model: posix
InstalledDir: /usr/local/bin
configure:5127: $? = 0
configure:5116: /afl/afl-clang-fast++ -v >&5
clang version 12.0.0 (https://github.com/llvm/llvm-project.git 6de4865545da73687dd6d28d153cd345ed5e7918)
Target: x86_64-unknown-linux-gnu
Thread model: posix
InstalledDir: /usr/local/bin
Found candidate GCC installation: /usr/lib/gcc/x86_64-linux-gnu/5
Found candidate GCC installation: /usr/lib/gcc/x86_64-linux-gnu/5.4.0
Found candidate GCC installation: /usr/lib/gcc/x86_64-linux-gnu/6
Found candidate GCC installation: /usr/lib/gcc/x86_64-linux-gnu/6.0.0
Found candidate GCC installation: /usr/lib/gcc/x86_64-linux-gnu/9
Selected GCC installation: /usr/lib/gcc/x86_64-linux-gnu/9
... rest of stderr output deleted ...
configure:5127: $? = 1
configure:5116: /afl/afl-clang-fast++ -V >&5
clang-12: error: unsupported option '-V -ldl'
configure:5127: $? = 1
configure:5116: /afl/afl-clang-fast++ -qversion >&5
clang-12: error: unknown argument '-qversion'; did you mean '--version'?
configure:5127: $? = 1
configure:5131: checking whether we are using the GNU C++ compiler
configure:5150: /afl/afl-clang-fast++ -c -DFUZZING_BUILD_MODE_UNSAFE_FOR_PRODUCTION -pthread -Wl,--no-as-needed -Wl,-ldl -Wl,-lm -Wno-unused-command-line-argument -stdlib=libc++ -O3 -fsanitize-coverage=trace-pc-guard  conftest.cpp >&5
configure:5150: $? = 0
configure:5159: result: yes
configure:5168: checking whether /afl/afl-clang-fast++ accepts -g
configure:5188: /afl/afl-clang-fast++ -c -g  conftest.cpp >&5
configure:5188: $? = 0
configure:5229: result: yes
configure:5278: checking whether g++ accepts -static-libstdc++ -static-libgcc
configure:5295: /afl/afl-clang-fast++ -o conftest -DFUZZING_BUILD_MODE_UNSAFE_FOR_PRODUCTION -pthread -Wl,--no-as-needed -Wl,-ldl -Wl,-lm -Wno-unused-command-line-argument -stdlib=libc++ -O3 -fsanitize-coverage=trace-pc-guard   -static-libstdc++ -static-libgcc conftest.cpp  >&5
conftest.cpp:11:2: error: -static-libstdc++ not implemented
#error -static-libstdc++ not implemented
 ^
1 error generated.
configure:5295: $? = 1
configure: failed program was:
| /* confdefs.h */
| #define PACKAGE_NAME ""
| #define PACKAGE_TARNAME ""
| #define PACKAGE_VERSION ""
| #define PACKAGE_STRING ""
| #define PACKAGE_BUGREPORT ""
| #define PACKAGE_URL ""
| /* end confdefs.h.  */
| 
| #if (__GNUC__ < 4) || (__GNUC__ == 4 && __GNUC_MINOR__ < 5)
| #error -static-libstdc++ not implemented
| #endif
| int main() {}
configure:5299: result: no
configure:5360: checking for gnatbind
configure:5390: result: no
configure:5452: checking for gnatmake
configure:5482: result: no
configure:5501: checking whether compiler driver understands Ada
configure:5524: result: no
configure:5533: checking how to compare bootstrapped objects
configure:5558: result: cmp --ignore-initial=16 $$f1 $$f2
configure:5703: checking for objdir
configure:5718: result: .libs
configure:6283: checking for isl 0.15 or later
configure:6296: /afl/afl-clang-fast -o conftest -DFUZZING_BUILD_MODE_UNSAFE_FOR_PRODUCTION -pthread -Wl,--no-as-needed -Wl,-ldl -Wl,-lm -Wno-unused-command-line-argument -O3 -fsanitize-coverage=trace-pc-guard      -lisl -lmpc -lmpfr -lgmp conftest.c  -lisl -lgmp >&5
conftest.c:10:10: fatal error: 'isl/schedule.h' file not found
#include <isl/schedule.h>
         ^~~~~~~~~~~~~~~~
1 error generated.
configure:6296: $? = 1
configure: failed program was:
| /* confdefs.h */
| #define PACKAGE_NAME ""
| #define PACKAGE_TARNAME ""
| #define PACKAGE_VERSION ""
| #define PACKAGE_STRING ""
| #define PACKAGE_BUGREPORT ""
| #define PACKAGE_URL ""
| #define LT_OBJDIR ".libs/"
| /* end confdefs.h.  */
| #include <isl/schedule.h>
| int
| main ()
| {
| isl_options_set_schedule_serialize_sccs (NULL, 0);
|   ;
|   return 0;
| }
configure:6303: result: no
configure:6307: result: required isl version is 0.15 or later
configure:7410: checking for default BUILD_CONFIG
configure:7442: result: 
configure:7447: checking for --enable-vtable-verify
configure:7460: result: no
configure:8081: checking for bison
configure:8111: result: no
configure:8081: checking for byacc
configure:8111: result: no
configure:8081: checking for yacc
configure:8111: result: no
configure:8128: checking for bison
configure:8158: result: no
configure:8175: checking for gm4
configure:8205: result: no
configure:8175: checking for gnum4
configure:8205: result: no
configure:8175: checking for m4
configure:8191: found /usr/bin/m4
configure:8202: result: m4
configure:8222: checking for flex
configure:8252: result: no
configure:8222: checking for lex
configure:8252: result: no
configure:8270: checking for flex
configure:8300: result: no
configure:8317: checking for makeinfo
configure:8333: found /usr/bin/makeinfo
configure:8344: result: makeinfo
configure:8378: checking for expect
configure:8408: result: no
configure:8427: checking for runtest
configure:8457: result: no
configure:8572: checking for ar
configure:8588: found /usr/bin/ar
configure:8599: result: ar
configure:8713: checking for as
configure:8729: found /usr/bin/as
configure:8740: result: as
configure:8854: checking for dlltool
configure:8884: result: no
configure:8914: checking for ld
configure:8941: result: /usr/bin/ld
configure:9136: checking for lipo
configure:9166: result: no
configure:9277: checking for nm
configure:9293: found /usr/bin/nm
configure:9304: result: nm
configure:9418: checking for ranlib
configure:9434: found /usr/bin/ranlib
configure:9445: result: ranlib
configure:9554: checking for strip
configure:9570: found /usr/bin/strip
configure:9581: result: strip
configure:9690: checking for windres
configure:9720: result: no
configure:9831: checking for windmc
configure:9861: result: no
configure:9972: checking for objcopy
configure:9988: found /usr/bin/objcopy
configure:9999: result: objcopy
configure:10113: checking for objdump
configure:10129: found /usr/bin/objdump
configure:10140: result: objdump
configure:10254: checking for readelf
configure:10270: found /usr/bin/readelf
configure:10281: result: readelf
configure:10307: checking for -plugin option
configure:10420: WARNING: Failed: ar --plugin /usr/lib/gcc/x86_64-linux-gnu/9/liblto_plugin.so rc
configure:10430: result: no
configure:10578: checking for cc
configure:10594: found /usr/bin/cc
configure:10605: result: cc
configure:10739: checking for c++
configure:10755: found /usr/bin/c++
configure:10766: result: c++
configure:10900: checking for gcc
configure:10916: found /usr/bin/gcc
configure:10927: result: gcc
configure:11056: checking for gfortran
configure:11086: result: no
configure:11217: checking for gccgo
configure:11247: result: no
configure:11458: checking for ar
configure:11474: found /usr/bin/ar
configure:11485: result: ar
configure:11688: checking for as
configure:11704: found /usr/bin/as
configure:11715: result: as
configure:11918: checking for dlltool
configure:11948: result: no
configure:12148: checking for ld
configure:12164: found /usr/bin/ld
configure:12175: result: ld
configure:12378: checking for lipo
configure:12408: result: no
configure:12608: checking for nm
configure:12624: found /usr/bin/nm
configure:12635: result: nm
configure:12838: checking for objcopy
configure:12854: found /usr/bin/objcopy
configure:12865: result: objcopy
configure:13068: checking for objdump
configure:13084: found /usr/bin/objdump
configure:13095: result: objdump
configure:13298: checking for ranlib
configure:13314: found /usr/bin/ranlib
configure:13325: result: ranlib
configure:13528: checking for readelf
configure:13544: found /usr/bin/readelf
configure:13555: result: readelf
configure:13758: checking for strip
configure:13774: found /usr/bin/strip
configure:13785: result: strip
configure:13988: checking for windres
configure:14018: result: no
configure:14218: checking for windmc
configure:14248: result: no
configure:14276: checking where to find the target ar
configure:14299: result: just compiled
configure:14318: checking where to find the target as
configure:14341: result: just compiled
configure:14360: checking where to find the target cc
configure:14393: result: host tool
configure:14402: checking where to find the target c++
configure:14438: result: host tool
configure:14447: checking where to find the target c++ for libstdc++
configure:14483: result: host tool
configure:14492: checking where to find the target dlltool
configure:14515: result: just compiled
configure:14534: checking where to find the target gcc
configure:14567: result: host tool
configure:14576: checking where to find the target gfortran
configure:14612: result: host tool
configure:14621: checking where to find the target gccgo
configure:14657: result: host tool
configure:14666: checking where to find the target ld
configure:14689: result: just compiled
configure:14708: checking where to find the target lipo
configure:14730: result: host tool
configure:14739: checking where to find the target nm
configure:14762: result: just compiled
configure:14781: checking where to find the target objcopy
configure:14804: result: just compiled
configure:14823: checking where to find the target objdump
configure:14846: result: just compiled
configure:14865: checking where to find the target ranlib
configure:14888: result: just compiled
configure:14907: checking where to find the target readelf
configure:14930: result: just compiled
configure:14949: checking where to find the target strip
configure:14972: result: just compiled
configure:14991: checking where to find the target windres
configure:15014: result: just compiled
configure:15033: checking where to find the target windmc
configure:15056: result: just compiled
configure:15103: checking whether to enable maintainer-specific portions of Makefiles
configure:15112: result: no
configure:15355: creating ./config.status

## ---------------------- ##
## Running config.status. ##
## ---------------------- ##

This file was extended by config.status, which was
generated by GNU Autoconf 2.69.  Invocation command line was

  CONFIG_FILES    = 
  CONFIG_HEADERS  = 
  CONFIG_LINKS    = 
  CONFIG_COMMANDS = 
  $ ./config.status 

on fb1c5263a9e3

config.status:983: creating Makefile

## ---------------- ##
## Cache variables. ##
## ---------------- ##

ac_cv_build=x86_64-pc-linux-gnu
ac_cv_c_compiler_gnu=yes
ac_cv_cxx_compiler_gnu=yes
ac_cv_env_AR_FOR_TARGET_set=
ac_cv_env_AR_FOR_TARGET_value=
ac_cv_env_AR_set=
ac_cv_env_AR_value=
ac_cv_env_AS_FOR_TARGET_set=
ac_cv_env_AS_FOR_TARGET_value=
ac_cv_env_AS_set=
ac_cv_env_AS_value=
ac_cv_env_CCC_set=set
ac_cv_env_CCC_value=clang++
ac_cv_env_CC_FOR_TARGET_set=
ac_cv_env_CC_FOR_TARGET_value=
ac_cv_env_CC_set=set
ac_cv_env_CC_value=/afl/afl-clang-fast
ac_cv_env_CFLAGS_set=set
ac_cv_env_CFLAGS_value='-DFUZZING_BUILD_MODE_UNSAFE_FOR_PRODUCTION -pthread -Wl,--no-as-needed -Wl,-ldl -Wl,-lm -Wno-unused-command-line-argument -O3 -fsanitize-coverage=trace-pc-guard'
ac_cv_env_CPPFLAGS_set=
ac_cv_env_CPPFLAGS_value=
ac_cv_env_CXXFLAGS_set=set
ac_cv_env_CXXFLAGS_value='-DFUZZING_BUILD_MODE_UNSAFE_FOR_PRODUCTION -pthread -Wl,--no-as-needed -Wl,-ldl -Wl,-lm -Wno-unused-command-line-argument -stdlib=libc++ -O3 -fsanitize-coverage=trace-pc-guard'
ac_cv_env_CXX_FOR_TARGET_set=
ac_cv_env_CXX_FOR_TARGET_value=
ac_cv_env_CXX_set=set
ac_cv_env_CXX_value=/afl/afl-clang-fast++
ac_cv_env_DLLTOOL_FOR_TARGET_set=
ac_cv_env_DLLTOOL_FOR_TARGET_value=
ac_cv_env_DLLTOOL_set=
ac_cv_env_DLLTOOL_value=
ac_cv_env_GCC_FOR_TARGET_set=
ac_cv_env_GCC_FOR_TARGET_value=
ac_cv_env_GFORTRAN_FOR_TARGET_set=
ac_cv_env_GFORTRAN_FOR_TARGET_value=
ac_cv_env_GOC_FOR_TARGET_set=
ac_cv_env_GOC_FOR_TARGET_value=
ac_cv_env_LDFLAGS_set=
ac_cv_env_LDFLAGS_value=
ac_cv_env_LD_FOR_TARGET_set=
ac_cv_env_LD_FOR_TARGET_value=
ac_cv_env_LD_set=
ac_cv_env_LD_value=
ac_cv_env_LIBS_set=
ac_cv_env_LIBS_value=
ac_cv_env_LIPO_FOR_TARGET_set=
ac_cv_env_LIPO_FOR_TARGET_value=
ac_cv_env_LIPO_set=
ac_cv_env_LIPO_value=
ac_cv_env_NM_FOR_TARGET_set=
ac_cv_env_NM_FOR_TARGET_value=
ac_cv_env_NM_set=
ac_cv_env_NM_value=
ac_cv_env_OBJCOPY_FOR_TARGET_set=
ac_cv_env_OBJCOPY_FOR_TARGET_value=
ac_cv_env_OBJCOPY_set=
ac_cv_env_OBJCOPY_value=
ac_cv_env_OBJDUMP_FOR_TARGET_set=
ac_cv_env_OBJDUMP_FOR_TARGET_value=
ac_cv_env_OBJDUMP_set=
ac_cv_env_OBJDUMP_value=
ac_cv_env_RANLIB_FOR_TARGET_set=
ac_cv_env_RANLIB_FOR_TARGET_value=
ac_cv_env_RANLIB_set=
ac_cv_env_RANLIB_value=
ac_cv_env_READELF_FOR_TARGET_set=
ac_cv_env_READELF_FOR_TARGET_value=
ac_cv_env_READELF_set=
ac_cv_env_READELF_value=
ac_cv_env_STRIP_FOR_TARGET_set=
ac_cv_env_STRIP_FOR_TARGET_value=
ac_cv_env_STRIP_set=
ac_cv_env_STRIP_value=
ac_cv_env_WINDMC_FOR_TARGET_set=
ac_cv_env_WINDMC_FOR_TARGET_value=
ac_cv_env_WINDMC_set=
ac_cv_env_WINDMC_value=
ac_cv_env_WINDRES_FOR_TARGET_set=
ac_cv_env_WINDRES_FOR_TARGET_value=
ac_cv_env_WINDRES_set=
ac_cv_env_WINDRES_value=
ac_cv_env_build_alias_set=
ac_cv_env_build_alias_value=
ac_cv_env_build_configargs_set=
ac_cv_env_build_configargs_value=
ac_cv_env_host_alias_set=
ac_cv_env_host_alias_value=
ac_cv_env_host_configargs_set=
ac_cv_env_host_configargs_value=
ac_cv_env_target_alias_set=
ac_cv_env_target_alias_value=
ac_cv_env_target_configargs_set=
ac_cv_env_target_configargs_value=
ac_cv_host=x86_64-pc-linux-gnu
ac_cv_objext=o
ac_cv_path_SED=/bin/sed
ac_cv_path_install='/usr/bin/install -c'
ac_cv_prog_AR=ar
ac_cv_prog_AR_FOR_TARGET=ar
ac_cv_prog_AS=as
ac_cv_prog_AS_FOR_TARGET=as
ac_cv_prog_AWK=gawk
ac_cv_prog_CC_FOR_TARGET=cc
ac_cv_prog_CXX_FOR_TARGET=c++
ac_cv_prog_GCC_FOR_TARGET=gcc
ac_cv_prog_LD=/usr/bin/ld
ac_cv_prog_LD_FOR_TARGET=ld
ac_cv_prog_M4=m4
ac_cv_prog_MAKEINFO=makeinfo
ac_cv_prog_NM=nm
ac_cv_prog_NM_FOR_TARGET=nm
ac_cv_prog_OBJCOPY=objcopy
ac_cv_prog_OBJCOPY_FOR_TARGET=objcopy
ac_cv_prog_OBJDUMP=objdump
ac_cv_prog_OBJDUMP_FOR_TARGET=objdump
ac_cv_prog_RANLIB=ranlib
ac_cv_prog_RANLIB_FOR_TARGET=ranlib
ac_cv_prog_READELF=readelf
ac_cv_prog_READELF_FOR_TARGET=readelf
ac_cv_prog_STRIP=strip
ac_cv_prog_STRIP_FOR_TARGET=strip
ac_cv_prog_ac_ct_CC=/afl/afl-clang-fast
ac_cv_prog_cc_c89=
ac_cv_prog_cc_c99=
ac_cv_prog_cc_g=yes
ac_cv_prog_cxx_g=yes
ac_cv_target=x86_64-pc-linux-gnu
acx_cv_cc_gcc_supports_ada=no
acx_cv_prog_LN=ln
gcc_cv_isl=no
gcc_cv_prog_cmp_skip='cmp --ignore-initial=16 $$f1 $$f2'
gcc_cv_tool_dirs=
gcc_cv_tool_prefix=/usr/local
lt_cv_objdir=.libs

## ----------------- ##
## Output variables. ##
## ----------------- ##

AR='ar'
AR_FOR_BUILD='$(AR)'
AR_FOR_TARGET='$$r/$(HOST_SUBDIR)/binutils/ar'
AR_PLUGIN_OPTION=''
AS='as'
AS_FOR_BUILD='$(AS)'
AS_FOR_TARGET='$$r/$(HOST_SUBDIR)/gas/as-new'
AWK='gawk'
BISON='/src/binutils-2.38/missing bison'
BUILD_CONFIG=''
CC='/afl/afl-clang-fast'
CC_FOR_BUILD='$(CC)'
CC_FOR_TARGET='$(CC)'
CFLAGS='-DFUZZING_BUILD_MODE_UNSAFE_FOR_PRODUCTION -pthread -Wl,--no-as-needed -Wl,-ldl -Wl,-lm -Wno-unused-command-line-argument -O3 -fsanitize-coverage=trace-pc-guard'
CFLAGS_FOR_BUILD='-DFUZZING_BUILD_MODE_UNSAFE_FOR_PRODUCTION -pthread -Wl,--no-as-needed -Wl,-ldl -Wl,-lm -Wno-unused-command-line-argument -O3 -fsanitize-coverage=trace-pc-guard'
CFLAGS_FOR_TARGET='-g -O2 -DFUZZING_BUILD_MODE_UNSAFE_FOR_PRODUCTION -pthread -Wl,--no-as-needed -Wl,-ldl -Wl,-lm -Wno-unused-command-line-argument -O3 -fsanitize-coverage=trace-pc-guard'
COMPILER_AS_FOR_TARGET='$(AS_FOR_TARGET)'
COMPILER_LD_FOR_TARGET='$(LD_FOR_TARGET)'
COMPILER_NM_FOR_TARGET='$(NM_FOR_TARGET)'
CONFIGURE_GDB_TK=''
CPPFLAGS=''
CXX='/afl/afl-clang-fast++'
CXXFLAGS='-DFUZZING_BUILD_MODE_UNSAFE_FOR_PRODUCTION -pthread -Wl,--no-as-needed -Wl,-ldl -Wl,-lm -Wno-unused-command-line-argument -stdlib=libc++ -O3 -fsanitize-coverage=trace-pc-guard'
CXXFLAGS_FOR_BUILD='-DFUZZING_BUILD_MODE_UNSAFE_FOR_PRODUCTION -pthread -Wl,--no-as-needed -Wl,-ldl -Wl,-lm -Wno-unused-command-line-argument -stdlib=libc++ -O3 -fsanitize-coverage=trace-pc-guard'
CXXFLAGS_FOR_TARGET='-g -O2 -DFUZZING_BUILD_MODE_UNSAFE_FOR_PRODUCTION -pthread -Wl,--no-as-needed -Wl,-ldl -Wl,-lm -Wno-unused-command-line-argument -stdlib=libc++ -O3 -fsanitize-coverage=trace-pc-guard'
CXX_FOR_BUILD='$(CXX)'
CXX_FOR_TARGET='$(CXX)'
DEBUG_PREFIX_CFLAGS_FOR_TARGET=''
DEFS='-DPACKAGE_NAME=\"\" -DPACKAGE_TARNAME=\"\" -DPACKAGE_VERSION=\"\" -DPACKAGE_STRING=\"\" -DPACKAGE_BUGREPORT=\"\" -DPACKAGE_URL=\"\" -DLT_OBJDIR=\".libs/\"'
DLLTOOL='dlltool'
DLLTOOL_FOR_BUILD='$(DLLTOOL)'
DLLTOOL_FOR_TARGET='$$r/$(HOST_SUBDIR)/binutils/dlltool'
ECHO_C=''
ECHO_N='-n'
ECHO_T=''
EXEEXT=''
EXPECT='expect'
FLAGS_FOR_TARGET=' -L$$r/$(HOST_SUBDIR)/ld'
FLEX='/src/binutils-2.38/missing flex'
GCC_FOR_TARGET='$()'
GCC_SHLIB_SUBDIR=''
GDB_TK=''
GFORTRAN_FOR_BUILD='$(GFORTRAN)'
GFORTRAN_FOR_TARGET='$(GFORTRAN)'
GNATBIND='no'
GNATMAKE='no'
GOC_FOR_BUILD='$(GOC)'
GOC_FOR_TARGET='$(GOC)'
INSTALL_DATA='${INSTALL} -m 644'
INSTALL_GDB_TK=''
INSTALL_PROGRAM='${INSTALL}'
INSTALL_SCRIPT='${INSTALL}'
LD='/usr/bin/ld'
LDFLAGS=''
LDFLAGS_FOR_BUILD=''
LDFLAGS_FOR_TARGET=''
LD_FOR_BUILD='$(LD)'
LD_FOR_TARGET='$$r/$(HOST_SUBDIR)/ld/ld-new'
LEX='/src/binutils-2.38/missing flex'
LIBOBJS=''
LIBS=''
LIPO='lipo'
LIPO_FOR_TARGET='$(LIPO)'
LN='ln'
LN_S='ln -s'
LTLIBOBJS=''
M4='m4'
MAINT='#'
MAINTAINER_MODE_FALSE=''
MAINTAINER_MODE_TRUE='#'
MAKEINFO='makeinfo'
NM='nm'
NM_FOR_BUILD='$(NM)'
NM_FOR_TARGET='$$r/$(HOST_SUBDIR)/binutils/nm-new'
OBJCOPY='objcopy'
OBJCOPY_FOR_TARGET='$$r/$(HOST_SUBDIR)/binutils/objcopy'
OBJDUMP='objdump'
OBJDUMP_FOR_TARGET='$$r/$(HOST_SUBDIR)/binutils/objdump'
OBJEXT='o'
PACKAGE_BUGREPORT=''
PACKAGE_NAME=''
PACKAGE_STRING=''
PACKAGE_TARNAME=''
PACKAGE_URL=''
PACKAGE_VERSION=''
PATH_SEPARATOR=':'
PGO_BUILD_GEN_CFLAGS=''
PGO_BUILD_LTO_CFLAGS=''
PGO_BUILD_USE_CFLAGS=''
RANLIB='ranlib'
RANLIB_FOR_BUILD='$(RANLIB)'
RANLIB_FOR_TARGET='$$r/$(HOST_SUBDIR)/binutils/ranlib'
RANLIB_PLUGIN_OPTION=''
RAW_CXX_FOR_TARGET='$(CXX)'
READELF='readelf'
READELF_FOR_TARGET='$$r/$(HOST_SUBDIR)/binutils/readelf'
RPATH_ENVVAR='LD_LIBRARY_PATH'
RUNTEST='runtest'
SED='/bin/sed'
SHELL='/bin/bash'
STRIP='strip'
STRIP_FOR_TARGET='$$r/$(HOST_SUBDIR)/binutils/strip-new'
SYSROOT_CFLAGS_FOR_TARGET=''
TOPLEVEL_CONFIGURE_ARGUMENTS='./configure --disable-shared'
WINDMC='windmc'
WINDMC_FOR_BUILD='$(WINDMC)'
WINDMC_FOR_TARGET='$$r/$(HOST_SUBDIR)/binutils/windmc'
WINDRES='windres'
WINDRES_FOR_BUILD='$(WINDRES)'
WINDRES_FOR_TARGET='$$r/$(HOST_SUBDIR)/binutils/windres'
YACC='/src/binutils-2.38/missing bison -y'
ac_ct_CC='/afl/afl-clang-fast'
ac_ct_CXX=''
bindir='${exec_prefix}/bin'
build='x86_64-pc-linux-gnu'
build_alias=''
build_configargs=' --cache-file=./config.cache '\''--disable-shared'\'' --program-transform-name='\''s,y,y,'\'' --disable-option-checking'
build_configdirs=' libiberty'
build_cpu='x86_64'
build_libsubdir='build-x86_64-pc-linux-gnu'
build_noncanonical='x86_64-pc-linux-gnu'
build_os='linux-gnu'
build_subdir='build-x86_64-pc-linux-gnu'
build_tooldir='${exec_prefix}/x86_64-pc-linux-gnu'
build_vendor='pc'
compare_exclusions='gcc/cc*-checksum$(objext) | gcc/ada/*tools/*'
configdirs=' intl libiberty opcodes bfd zlib libctf binutils gas ld gprof etc'
datadir='${datarootdir}'
datarootdir='${prefix}/share'
do_compare='cmp --ignore-initial=16 $$f1 $$f2'
docdir='${datarootdir}/doc/${PACKAGE}'
dvidir='${docdir}'
exec_prefix='${prefix}'
extra_host_libiberty_configure_flags=''
extra_host_zlib_configure_flags=''
extra_isl_gmp_configure_flags=''
extra_liboffloadmic_configure_flags=''
extra_linker_plugin_configure_flags=''
extra_linker_plugin_flags=''
extra_mpc_gmp_configure_flags=''
extra_mpc_mpfr_configure_flags=''
extra_mpfr_configure_flags=''
get_gcc_base_ver='cat'
gmpinc=''
gmplibs='-lmpc -lmpfr -lgmp'
host='x86_64-pc-linux-gnu'
host_alias=''
host_configargs=' --cache-file=./config.cache  --with-gnu-as --with-gnu-ld '\''--disable-shared'\'' --program-transform-name='\''s,y,y,'\'' --disable-option-checking'
host_cpu='x86_64'
host_noncanonical='x86_64-pc-linux-gnu'
host_os='linux-gnu'
host_shared='no'
host_subdir='.'
host_vendor='pc'
htmldir='${docdir}'
includedir='${prefix}/include'
infodir='${datarootdir}/info'
islinc=''
isllibs=''
libdir='${exec_prefix}/lib'
libexecdir='${exec_prefix}/libexec'
localedir='${datarootdir}/locale'
localstatedir='${prefix}/var'
mandir='${datarootdir}/man'
oldincludedir='/usr/include'
pdfdir='${docdir}'
poststage1_ldflags='-static-libstdc++ -static-libgcc'
poststage1_libs=''
prefix='/usr/local'
program_transform_name='s,y,y,'
psdir='${docdir}'
runstatedir='${localstatedir}/run'
sbindir='${exec_prefix}/sbin'
sharedstatedir='${prefix}/com'
stage1_cflags='-g'
stage1_checking='--enable-checking=yes,types'
stage1_languages=',c,'
stage1_ldflags=''
stage1_libs=''
stage2_werror_flag=''
sysconfdir='${prefix}/etc'
target='x86_64-pc-linux-gnu'
target_alias=''
target_configargs='--cache-file=./config.cache --enable-multilib   '\''--disable-shared'\'' --program-transform-name='\''s,y,y,'\'' --disable-option-checking'
target_configdirs=''
target_cpu='x86_64'
target_noncanonical='x86_64-pc-linux-gnu'
target_os='linux-gnu'
target_subdir='x86_64-pc-linux-gnu'
target_vendor='pc'
tooldir='${exec_prefix}/x86_64-pc-linux-gnu'

## ------------------- ##
## File substitutions. ##
## ------------------- ##

alphaieee_frag='/dev/null'
host_makefile_frag='/dev/null'
ospace_frag='/dev/null'
serialization_dependencies='serdep.tmp'
target_makefile_frag='./config/mt-gnu'

## ----------- ##
## confdefs.h. ##
## ----------- ##

/* confdefs.h */
#define PACKAGE_NAME ""
#define PACKAGE_TARNAME ""
#define PACKAGE_VERSION ""
#define PACKAGE_STRING ""
#define PACKAGE_BUGREPORT ""
#define PACKAGE_URL ""
#define LT_OBJDIR ".libs/"

configure: exit 0
